2022-02-19 12:15:47 DEBUG request log not activated
2022-02-19 12:15:47 DEBUG response log not activated
2022-02-19 12:15:47 INFO  Dynatrace Monitoring as Code v1.7.0
2022-02-19 12:15:47 DEBUG Reading projects...
2022-02-19 12:15:47 DEBUG   project - projects/workshop
2022-02-19 12:15:47 DEBUG Processing file: projects/workshop/alerting-profile/profile.yaml
2022-02-19 12:15:47 DEBUG Processing file: projects/workshop/app-detection-rule/app-detection-rule.yaml
2022-02-19 12:15:47 DEBUG Processing file: projects/workshop/application-web/application.yaml
2022-02-19 12:15:47 DEBUG Processing file: projects/workshop/auto-tag/auto-tag.yaml
2022-02-19 12:15:47 DEBUG Processing file: projects/workshop/dashboard/dashboard.yaml
2022-02-19 12:15:47 DEBUG Processing file: projects/workshop/management-zone/management-zone.yaml
2022-02-19 12:15:47 DEBUG Processing file: projects/workshop/notification/notification.yaml
2022-02-19 12:15:47 DEBUG 		projects/workshop/notification/dtslides has dep on projects/workshop/alerting-profile/dtslidesteam
2022-02-19 12:15:47 DEBUG 		projects/workshop/notification/jenkinsnotification has dep on projects/workshop/alerting-profile/jenkinsteam
2022-02-19 12:15:47 DEBUG 		projects/workshop/notification/dtordersnotification has dep on projects/workshop/alerting-profile/dtordersteam
2022-02-19 12:15:47 DEBUG 		projects/workshop/app-detection-rule/dt-slides has dep on projects/workshop/application-web/dt-slides
2022-02-19 12:15:47 DEBUG 		projects/workshop/app-detection-rule/dt-orders has dep on projects/workshop/application-web/dt-orders
2022-02-19 12:15:47 DEBUG 		projects/workshop/app-detection-rule/dt-jenkins has dep on projects/workshop/application-web/dt-jenkins
2022-02-19 12:15:47 DEBUG 		projects/workshop/alerting-profile/dtordersteam has dep on projects/workshop/management-zone/dt-orders
2022-02-19 12:15:47 DEBUG 		projects/workshop/dashboard/dtOrdersOverview has dep on projects/workshop/management-zone/dt-orders
2022-02-19 12:15:47 DEBUG 		projects/workshop/alerting-profile/jenkinsteam has dep on projects/workshop/management-zone/dt-jenkins
2022-02-19 12:15:47 DEBUG 		projects/workshop/dashboard/jenkinsOverview has dep on projects/workshop/management-zone/dt-jenkins
2022-02-19 12:15:47 DEBUG 		projects/workshop/alerting-profile/dtslidesteam has dep on projects/workshop/management-zone/dt-slides
2022-02-19 12:15:47 DEBUG 		projects/workshop/dashboard/dtSlidesOverview has dep on projects/workshop/management-zone/dt-slides
2022-02-19 12:15:47 DEBUG 		projects/workshop/management-zone/dt-slides
2022-02-19 12:15:47 DEBUG 		projects/workshop/management-zone/dt-orders
2022-02-19 12:15:47 DEBUG 		projects/workshop/management-zone/dt-jenkins
2022-02-19 12:15:47 DEBUG 		projects/workshop/alerting-profile/dtslidesteam
2022-02-19 12:15:47 DEBUG 		projects/workshop/alerting-profile/dtordersteam
2022-02-19 12:15:47 DEBUG 		projects/workshop/alerting-profile/jenkinsteam
2022-02-19 12:15:47 DEBUG 		projects/workshop/application-web/dt-slides
2022-02-19 12:15:47 DEBUG 		projects/workshop/application-web/dt-jenkins
2022-02-19 12:15:47 DEBUG 		projects/workshop/application-web/dt-orders
2022-02-19 12:15:47 DEBUG 		projects/workshop/notification/dtslides
2022-02-19 12:15:47 DEBUG 		projects/workshop/notification/dtordersnotification
2022-02-19 12:15:47 DEBUG 		projects/workshop/notification/jenkinsnotification
2022-02-19 12:15:47 DEBUG 		projects/workshop/dashboard/jenkinsOverview
2022-02-19 12:15:47 DEBUG 		projects/workshop/dashboard/dtOrdersOverview
2022-02-19 12:15:47 DEBUG 		projects/workshop/dashboard/dtSlidesOverview
2022-02-19 12:15:47 DEBUG 		projects/workshop/auto-tag/environment
2022-02-19 12:15:47 DEBUG 		projects/workshop/auto-tag/app
2022-02-19 12:15:47 DEBUG 		projects/workshop/app-detection-rule/dt-slides
2022-02-19 12:15:47 DEBUG 		projects/workshop/app-detection-rule/dt-jenkins
2022-02-19 12:15:47 DEBUG 		projects/workshop/app-detection-rule/dt-orders
2022-02-19 12:15:47 DEBUG Sorting projects...
2022-02-19 12:15:47 INFO  Executing projects in this order: 
2022-02-19 12:15:47 INFO  	1: projects/workshop (20 configs)
2022-02-19 12:15:47 INFO  Processing environment workshop...
2022-02-19 12:15:47 INFO  	Processing project projects/workshop...
2022-02-19 12:15:47 DEBUG 		Deploying configs in this order: 
2022-02-19 12:15:47 DEBUG 			1: projects/workshop/management-zone/management-zone.json
2022-02-19 12:15:47 DEBUG 			2: projects/workshop/management-zone/management-zone.json
2022-02-19 12:15:47 DEBUG 			3: projects/workshop/management-zone/management-zone.json
2022-02-19 12:15:47 DEBUG 			4: projects/workshop/alerting-profile/profile.json
2022-02-19 12:15:47 DEBUG 			5: projects/workshop/alerting-profile/profile.json
2022-02-19 12:15:47 DEBUG 			6: projects/workshop/alerting-profile/profile.json
2022-02-19 12:15:47 DEBUG 			7: projects/workshop/application-web/application.json
2022-02-19 12:15:47 DEBUG 			8: projects/workshop/application-web/application.json
2022-02-19 12:15:47 DEBUG 			9: projects/workshop/application-web/application.json
2022-02-19 12:15:47 DEBUG 			10: projects/workshop/notification/notification.json
2022-02-19 12:15:47 DEBUG 			11: projects/workshop/notification/notification.json
2022-02-19 12:15:47 DEBUG 			12: projects/workshop/notification/notification.json
2022-02-19 12:15:47 DEBUG 			13: projects/workshop/dashboard/dashboard.json
2022-02-19 12:15:47 DEBUG 			14: projects/workshop/dashboard/dashboard.json
2022-02-19 12:15:47 DEBUG 			15: projects/workshop/dashboard/dashboard.json
2022-02-19 12:15:47 DEBUG 			16: projects/workshop/auto-tag/environment.json
2022-02-19 12:15:47 DEBUG 			17: projects/workshop/auto-tag/app.json
2022-02-19 12:15:47 DEBUG 			18: projects/workshop/app-detection-rule/rules.json
2022-02-19 12:15:47 DEBUG 			19: projects/workshop/app-detection-rule/rules.json
2022-02-19 12:15:47 DEBUG 			20: projects/workshop/app-detection-rule/rules.json
2022-02-19 12:15:47 DEBUG 		Validating config projects/workshop/management-zone/management-zone.json
2022-02-19 12:15:47 DEBUG 		Validating config projects/workshop/management-zone/management-zone.json
2022-02-19 12:15:47 DEBUG 		Validating config projects/workshop/management-zone/management-zone.json
2022-02-19 12:15:47 DEBUG 		Validating config projects/workshop/alerting-profile/profile.json
2022-02-19 12:15:47 DEBUG 		Validating config projects/workshop/alerting-profile/profile.json
2022-02-19 12:15:47 DEBUG 		Validating config projects/workshop/alerting-profile/profile.json
2022-02-19 12:15:47 DEBUG 		Validating config projects/workshop/application-web/application.json
2022-02-19 12:15:47 DEBUG 		Validating config projects/workshop/application-web/application.json
2022-02-19 12:15:47 DEBUG 		Validating config projects/workshop/application-web/application.json
2022-02-19 12:15:47 DEBUG 		Validating config projects/workshop/notification/notification.json
2022-02-19 12:15:47 ERROR 			Failed file projects/workshop/notification/notification.json is not a valid json: Error: unexpected end of JSON input
2022-02-19 12:15:47 DEBUG 		Validating config projects/workshop/notification/notification.json
2022-02-19 12:15:47 ERROR 			Failed file projects/workshop/notification/notification.json is not a valid json: Error: unexpected end of JSON input
2022-02-19 12:15:47 DEBUG 		Validating config projects/workshop/notification/notification.json
2022-02-19 12:15:47 ERROR 			Failed file projects/workshop/notification/notification.json is not a valid json: Error: unexpected end of JSON input
2022-02-19 12:15:47 DEBUG 		Validating config projects/workshop/dashboard/dashboard.json
2022-02-19 12:15:47 DEBUG 		Validating config projects/workshop/dashboard/dashboard.json
2022-02-19 12:15:47 DEBUG 		Validating config projects/workshop/dashboard/dashboard.json
2022-02-19 12:15:47 DEBUG 		Validating config projects/workshop/auto-tag/environment.json
2022-02-19 12:15:47 DEBUG 		Validating config projects/workshop/auto-tag/app.json
2022-02-19 12:15:47 DEBUG 		Validating config projects/workshop/app-detection-rule/rules.json
2022-02-19 12:15:47 DEBUG 		Validating config projects/workshop/app-detection-rule/rules.json
2022-02-19 12:15:47 DEBUG 		Validating config projects/workshop/app-detection-rule/rules.json
2022-02-19 12:15:47 INFO  Deployment summary:
2022-02-19 12:15:47 ERROR Validation of workshop failed. Found 3 error(s)
2022-02-19 12:15:47 ERROR Errors during validation! Check log!
