2022-02-18 11:53:37 DEBUG request log not activated
2022-02-18 11:53:37 DEBUG response log not activated
2022-02-18 11:53:37 INFO  Dynatrace Monitoring as Code v1.7.0
2022-02-18 11:53:37 DEBUG Reading projects...
2022-02-18 11:53:37 DEBUG   project - projects/workshop
2022-02-18 11:53:37 DEBUG Processing file: projects/workshop/alerting-profile/alerting-profile.yaml
2022-02-18 11:53:37 DEBUG Processing file: projects/workshop/app-detection-rule/app-detection-rule.yaml
2022-02-18 11:53:37 DEBUG Processing file: projects/workshop/application-web/application.yaml
2022-02-18 11:53:37 DEBUG Processing file: projects/workshop/auto-tag/auto-tag.yaml
2022-02-18 11:53:37 DEBUG Processing file: projects/workshop/dashboard/dashboard.yaml
2022-02-18 11:53:37 DEBUG Processing file: projects/workshop/management-zone/management-zone.yaml
2022-02-18 11:53:37 DEBUG Processing file: projects/workshop/notification/notification.yaml
2022-02-18 11:53:37 DEBUG 		projects/workshop/notification/jenkinsnotification has dep on projects/workshop/alerting-profile/jenkinsteam
2022-02-18 11:53:37 DEBUG 		projects/workshop/notification/dtordersnotification has dep on projects/workshop/alerting-profile/dtordersteam
2022-02-18 11:53:37 DEBUG 		projects/workshop/notification/dtslides has dep on projects/workshop/alerting-profile/dtslidesteam
2022-02-18 11:53:37 DEBUG 		projects/workshop/alerting-profile/dtslidesteam has dep on projects/workshop/management-zone/dt-slides
2022-02-18 11:53:37 DEBUG 		projects/workshop/dashboard/dtSlidesOverview has dep on projects/workshop/management-zone/dt-slides
2022-02-18 11:53:37 DEBUG 		projects/workshop/alerting-profile/dtordersteam has dep on projects/workshop/management-zone/dt-orders
2022-02-18 11:53:37 DEBUG 		projects/workshop/dashboard/dtOrdersOverview has dep on projects/workshop/management-zone/dt-orders
2022-02-18 11:53:37 DEBUG 		projects/workshop/alerting-profile/jenkinsteam has dep on projects/workshop/management-zone/dt-jenkins
2022-02-18 11:53:37 DEBUG 		projects/workshop/dashboard/jenkinsOverview has dep on projects/workshop/management-zone/dt-jenkins
2022-02-18 11:53:37 DEBUG 		projects/workshop/management-zone/dt-slides
2022-02-18 11:53:37 DEBUG 		projects/workshop/management-zone/dt-orders
2022-02-18 11:53:37 DEBUG 		projects/workshop/management-zone/dt-jenkins
2022-02-18 11:53:37 DEBUG 		projects/workshop/alerting-profile/dtslidesteam
2022-02-18 11:53:37 DEBUG 		projects/workshop/alerting-profile/dtordersteam
2022-02-18 11:53:37 DEBUG 		projects/workshop/alerting-profile/jenkinsteam
2022-02-18 11:53:37 DEBUG 		projects/workshop/notification/dtslides
2022-02-18 11:53:37 DEBUG 		projects/workshop/notification/dtordersnotification
2022-02-18 11:53:37 DEBUG 		projects/workshop/notification/jenkinsnotification
2022-02-18 11:53:37 DEBUG 		projects/workshop/dashboard/dtSlidesOverview
2022-02-18 11:53:37 DEBUG 		projects/workshop/dashboard/jenkinsOverview
2022-02-18 11:53:37 DEBUG 		projects/workshop/dashboard/dtOrdersOverview
2022-02-18 11:53:37 DEBUG 		projects/workshop/auto-tag/environment
2022-02-18 11:53:37 DEBUG 		projects/workshop/auto-tag/app
2022-02-18 11:53:37 DEBUG 		projects/workshop/application-web/dt-slides
2022-02-18 11:53:37 DEBUG 		projects/workshop/application-web/dt-jenkins
2022-02-18 11:53:37 DEBUG 		projects/workshop/application-web/dt-orders
2022-02-18 11:53:37 DEBUG 		projects/workshop/app-detection-rule/dt-slides
2022-02-18 11:53:37 DEBUG 		projects/workshop/app-detection-rule/dt-jenkins
2022-02-18 11:53:37 DEBUG 		projects/workshop/app-detection-rule/dt-orders
2022-02-18 11:53:37 DEBUG Sorting projects...
2022-02-18 11:53:37 INFO  Executing projects in this order: 
2022-02-18 11:53:37 INFO  	1: projects/workshop (20 configs)
2022-02-18 11:53:37 INFO  Processing environment workshop...
2022-02-18 11:53:37 INFO  	Processing project projects/workshop...
2022-02-18 11:53:37 DEBUG 		Deploying configs in this order: 
2022-02-18 11:53:37 DEBUG 			1: projects/workshop/management-zone/management-zone.json
2022-02-18 11:53:37 DEBUG 			2: projects/workshop/management-zone/management-zone.json
2022-02-18 11:53:37 DEBUG 			3: projects/workshop/management-zone/management-zone.json
2022-02-18 11:53:37 DEBUG 			4: projects/workshop/alerting-profile/profiles.json
2022-02-18 11:53:37 DEBUG 			5: projects/workshop/alerting-profile/profiles.json
2022-02-18 11:53:37 DEBUG 			6: projects/workshop/alerting-profile/profiles.json
2022-02-18 11:53:37 DEBUG 			7: projects/workshop/notification/notification.json
2022-02-18 11:53:37 DEBUG 			8: projects/workshop/notification/notification.json
2022-02-18 11:53:37 DEBUG 			9: projects/workshop/notification/notification.json
2022-02-18 11:53:37 DEBUG 			10: projects/workshop/dashboard/dashboard.json
2022-02-18 11:53:37 DEBUG 			11: projects/workshop/dashboard/dashboard.json
2022-02-18 11:53:37 DEBUG 			12: projects/workshop/dashboard/dashboard.json
2022-02-18 11:53:37 DEBUG 			13: projects/workshop/auto-tag/environment.json
2022-02-18 11:53:37 DEBUG 			14: projects/workshop/auto-tag/app.json
2022-02-18 11:53:37 DEBUG 			15: projects/workshop/application-web/application.json
2022-02-18 11:53:37 DEBUG 			16: projects/workshop/application-web/application.json
2022-02-18 11:53:37 DEBUG 			17: projects/workshop/application-web/application.json
2022-02-18 11:53:37 DEBUG 			18: projects/workshop/app-detection-rule/rules.json
2022-02-18 11:53:37 DEBUG 			19: projects/workshop/app-detection-rule/rules.json
2022-02-18 11:53:37 DEBUG 			20: projects/workshop/app-detection-rule/rules.json
2022-02-18 11:53:37 DEBUG 		Validating config projects/workshop/management-zone/management-zone.json
2022-02-18 11:53:37 DEBUG 		Validating config projects/workshop/management-zone/management-zone.json
2022-02-18 11:53:37 DEBUG 		Validating config projects/workshop/management-zone/management-zone.json
2022-02-18 11:53:37 DEBUG 		Validating config projects/workshop/alerting-profile/profiles.json
2022-02-18 11:53:37 ERROR Could not execute template: template: projects/workshop/alerting-profile/profiles.json:3:24: executing "projects/workshop/alerting-profile/profiles.json" at <.alertingProfile>: map has no entry for key "alertingProfile"
2022-02-18 11:53:37 ERROR 			Failed template: projects/workshop/alerting-profile/profiles.json:3:24: executing "projects/workshop/alerting-profile/profiles.json" at <.alertingProfile>: map has no entry for key "alertingProfile"
2022-02-18 11:53:37 DEBUG 		Validating config projects/workshop/alerting-profile/profiles.json
2022-02-18 11:53:37 ERROR Could not execute template: template: projects/workshop/alerting-profile/profiles.json:3:24: executing "projects/workshop/alerting-profile/profiles.json" at <.alertingProfile>: map has no entry for key "alertingProfile"
2022-02-18 11:53:37 ERROR 			Failed template: projects/workshop/alerting-profile/profiles.json:3:24: executing "projects/workshop/alerting-profile/profiles.json" at <.alertingProfile>: map has no entry for key "alertingProfile"
2022-02-18 11:53:37 DEBUG 		Validating config projects/workshop/alerting-profile/profiles.json
2022-02-18 11:53:37 ERROR Could not execute template: template: projects/workshop/alerting-profile/profiles.json:3:24: executing "projects/workshop/alerting-profile/profiles.json" at <.alertingProfile>: map has no entry for key "alertingProfile"
2022-02-18 11:53:37 ERROR 			Failed template: projects/workshop/alerting-profile/profiles.json:3:24: executing "projects/workshop/alerting-profile/profiles.json" at <.alertingProfile>: map has no entry for key "alertingProfile"
2022-02-18 11:53:37 DEBUG 		Validating config projects/workshop/notification/notification.json
2022-02-18 11:53:37 ERROR 			Failed Id 'projects/workshop/alerting-profile/dtslidesteam' was not available. Please make sure the reference exists.
2022-02-18 11:53:37 DEBUG 		Validating config projects/workshop/notification/notification.json
2022-02-18 11:53:37 ERROR 			Failed Id 'projects/workshop/alerting-profile/dtordersteam' was not available. Please make sure the reference exists.
2022-02-18 11:53:37 DEBUG 		Validating config projects/workshop/notification/notification.json
2022-02-18 11:53:37 ERROR 			Failed Id 'projects/workshop/alerting-profile/jenkinsteam' was not available. Please make sure the reference exists.
2022-02-18 11:53:37 DEBUG 		Validating config projects/workshop/dashboard/dashboard.json
2022-02-18 11:53:37 DEBUG 		Validating config projects/workshop/dashboard/dashboard.json
2022-02-18 11:53:37 DEBUG 		Validating config projects/workshop/dashboard/dashboard.json
2022-02-18 11:53:37 DEBUG 		Validating config projects/workshop/auto-tag/environment.json
2022-02-18 11:53:37 DEBUG 		Validating config projects/workshop/auto-tag/app.json
2022-02-18 11:53:37 DEBUG 		Validating config projects/workshop/application-web/application.json
2022-02-18 11:53:37 DEBUG 		Validating config projects/workshop/application-web/application.json
2022-02-18 11:53:37 DEBUG 		Validating config projects/workshop/application-web/application.json
2022-02-18 11:53:37 DEBUG 		Validating config projects/workshop/app-detection-rule/rules.json
2022-02-18 11:53:37 ERROR 			Failed Id 'projects/workshop/application/dt-slides' was not available. Please make sure the reference exists.
2022-02-18 11:53:37 DEBUG 		Validating config projects/workshop/app-detection-rule/rules.json
2022-02-18 11:53:37 ERROR 			Failed Id 'projects/workshop/application/dt-jenkins' was not available. Please make sure the reference exists.
2022-02-18 11:53:37 DEBUG 		Validating config projects/workshop/app-detection-rule/rules.json
2022-02-18 11:53:37 ERROR 			Failed Id 'projects/workshop/application/dt-orders' was not available. Please make sure the reference exists.
2022-02-18 11:53:37 INFO  Deployment summary:
2022-02-18 11:53:37 ERROR Validation of workshop failed. Found 9 error(s)
2022-02-18 11:53:37 ERROR 	template: projects/workshop/alerting-profile/profiles.json:3:24: executing "projects/workshop/alerting-profile/profiles.json" at <.alertingProfile>: map has no entry for key "alertingProfile"
2022-02-18 11:53:37 ERROR 	template: projects/workshop/alerting-profile/profiles.json:3:24: executing "projects/workshop/alerting-profile/profiles.json" at <.alertingProfile>: map has no entry for key "alertingProfile"
2022-02-18 11:53:37 ERROR 	template: projects/workshop/alerting-profile/profiles.json:3:24: executing "projects/workshop/alerting-profile/profiles.json" at <.alertingProfile>: map has no entry for key "alertingProfile"
2022-02-18 11:53:37 ERROR 	Id 'projects/workshop/alerting-profile/dtslidesteam' was not available. Please make sure the reference exists.
2022-02-18 11:53:37 ERROR 	Id 'projects/workshop/alerting-profile/dtordersteam' was not available. Please make sure the reference exists.
2022-02-18 11:53:37 ERROR 	Id 'projects/workshop/alerting-profile/jenkinsteam' was not available. Please make sure the reference exists.
2022-02-18 11:53:37 ERROR 	Id 'projects/workshop/application/dt-slides' was not available. Please make sure the reference exists.
2022-02-18 11:53:37 ERROR 	Id 'projects/workshop/application/dt-jenkins' was not available. Please make sure the reference exists.
2022-02-18 11:53:37 ERROR 	Id 'projects/workshop/application/dt-orders' was not available. Please make sure the reference exists.
