2022-02-20 22:25:56 DEBUG request log not activated
2022-02-20 22:25:56 DEBUG response log not activated
2022-02-20 22:25:56 INFO  Dynatrace Monitoring as Code v1.7.0
2022-02-20 22:25:56 DEBUG Reading projects...
2022-02-20 22:25:56 DEBUG   project - projects/workshop
2022-02-20 22:25:56 DEBUG Processing file: projects/workshop/alerting-profile/profile.yaml
2022-02-20 22:25:56 DEBUG Processing file: projects/workshop/app-detection-rule/app-detection-rule.yaml
2022-02-20 22:25:56 DEBUG Processing file: projects/workshop/application-web/application.yaml
2022-02-20 22:25:56 DEBUG Processing file: projects/workshop/auto-tag/auto-tag.yaml
2022-02-20 22:25:56 DEBUG Processing file: projects/workshop/dashboard/dashboard.yaml
2022-02-20 22:25:56 DEBUG Processing file: projects/workshop/management-zone/management-zone.yaml
2022-02-20 22:25:56 DEBUG Processing file: projects/workshop/notification/notification.yaml
2022-02-20 22:25:56 DEBUG 		projects/workshop/notification/jenkinsnotification has dep on projects/workshop/alerting-profile/jenkinsteam
2022-02-20 22:25:56 DEBUG 		projects/workshop/notification/dtordersnotification has dep on projects/workshop/alerting-profile/dtordersteam
2022-02-20 22:25:56 DEBUG 		projects/workshop/notification/dtslides has dep on projects/workshop/alerting-profile/dtslidesteam
2022-02-20 22:25:56 DEBUG 		projects/workshop/app-detection-rule/dt-jenkins has dep on projects/workshop/application-web/dt-jenkins
2022-02-20 22:25:56 DEBUG 		projects/workshop/app-detection-rule/dt-slides has dep on projects/workshop/application-web/dt-slides
2022-02-20 22:25:56 DEBUG 		projects/workshop/app-detection-rule/dt-orders has dep on projects/workshop/application-web/dt-orders
2022-02-20 22:25:56 DEBUG 		projects/workshop/alerting-profile/dtslidesteam has dep on projects/workshop/management-zone/dt-slides
2022-02-20 22:25:56 DEBUG 		projects/workshop/dashboard/dtSlidesOverview has dep on projects/workshop/management-zone/dt-slides
2022-02-20 22:25:56 DEBUG 		projects/workshop/alerting-profile/dtordersteam has dep on projects/workshop/management-zone/dt-orders
2022-02-20 22:25:56 DEBUG 		projects/workshop/dashboard/dtOrdersOverview has dep on projects/workshop/management-zone/dt-orders
2022-02-20 22:25:56 DEBUG 		projects/workshop/alerting-profile/jenkinsteam has dep on projects/workshop/management-zone/dt-jenkins
2022-02-20 22:25:56 DEBUG 		projects/workshop/dashboard/jenkinsOverview has dep on projects/workshop/management-zone/dt-jenkins
2022-02-20 22:25:56 DEBUG 		projects/workshop/management-zone/dt-slides
2022-02-20 22:25:56 DEBUG 		projects/workshop/management-zone/dt-orders
2022-02-20 22:25:56 DEBUG 		projects/workshop/management-zone/dt-jenkins
2022-02-20 22:25:56 DEBUG 		projects/workshop/alerting-profile/dtslidesteam
2022-02-20 22:25:56 DEBUG 		projects/workshop/alerting-profile/dtordersteam
2022-02-20 22:25:56 DEBUG 		projects/workshop/alerting-profile/jenkinsteam
2022-02-20 22:25:56 DEBUG 		projects/workshop/application-web/dt-orders
2022-02-20 22:25:56 DEBUG 		projects/workshop/application-web/dt-slides
2022-02-20 22:25:56 DEBUG 		projects/workshop/application-web/dt-jenkins
2022-02-20 22:25:56 DEBUG 		projects/workshop/notification/dtslides
2022-02-20 22:25:56 DEBUG 		projects/workshop/notification/dtordersnotification
2022-02-20 22:25:56 DEBUG 		projects/workshop/notification/jenkinsnotification
2022-02-20 22:25:56 DEBUG 		projects/workshop/dashboard/jenkinsOverview
2022-02-20 22:25:56 DEBUG 		projects/workshop/dashboard/dtOrdersOverview
2022-02-20 22:25:56 DEBUG 		projects/workshop/dashboard/dtSlidesOverview
2022-02-20 22:25:56 DEBUG 		projects/workshop/auto-tag/environment
2022-02-20 22:25:56 DEBUG 		projects/workshop/auto-tag/app
2022-02-20 22:25:56 DEBUG 		projects/workshop/app-detection-rule/dt-orders
2022-02-20 22:25:56 DEBUG 		projects/workshop/app-detection-rule/dt-slides
2022-02-20 22:25:56 DEBUG 		projects/workshop/app-detection-rule/dt-jenkins
2022-02-20 22:25:56 DEBUG Sorting projects...
2022-02-20 22:25:56 INFO  Executing projects in this order: 
2022-02-20 22:25:56 INFO  	1: projects/workshop (20 configs)
2022-02-20 22:25:56 INFO  Processing environment workshop...
2022-02-20 22:25:56 INFO  	Processing project projects/workshop...
2022-02-20 22:25:56 DEBUG 		Deploying configs in this order: 
2022-02-20 22:25:56 DEBUG 			1: projects/workshop/management-zone/management-zone.json
2022-02-20 22:25:56 DEBUG 			2: projects/workshop/management-zone/management-zone.json
2022-02-20 22:25:56 DEBUG 			3: projects/workshop/management-zone/management-zone.json
2022-02-20 22:25:56 DEBUG 			4: projects/workshop/alerting-profile/profile.json
2022-02-20 22:25:56 DEBUG 			5: projects/workshop/alerting-profile/profile.json
2022-02-20 22:25:56 DEBUG 			6: projects/workshop/alerting-profile/profile.json
2022-02-20 22:25:56 DEBUG 			7: projects/workshop/application-web/application.json
2022-02-20 22:25:56 DEBUG 			8: projects/workshop/application-web/application.json
2022-02-20 22:25:56 DEBUG 			9: projects/workshop/application-web/application.json
2022-02-20 22:25:56 DEBUG 			10: projects/workshop/notification/notification.json
2022-02-20 22:25:56 DEBUG 			11: projects/workshop/notification/notification.json
2022-02-20 22:25:56 DEBUG 			12: projects/workshop/notification/notification.json
2022-02-20 22:25:56 DEBUG 			13: projects/workshop/dashboard/dashboard.json
2022-02-20 22:25:56 DEBUG 			14: projects/workshop/dashboard/dashboard.json
2022-02-20 22:25:56 DEBUG 			15: projects/workshop/dashboard/dashboard.json
2022-02-20 22:25:56 DEBUG 			16: projects/workshop/auto-tag/environment.json
2022-02-20 22:25:56 DEBUG 			17: projects/workshop/auto-tag/app.json
2022-02-20 22:25:56 DEBUG 			18: projects/workshop/app-detection-rule/rules.json
2022-02-20 22:25:56 DEBUG 			19: projects/workshop/app-detection-rule/rules.json
2022-02-20 22:25:56 DEBUG 			20: projects/workshop/app-detection-rule/rules.json
2022-02-20 22:25:56 DEBUG 		Applying config `dt-slides` using projects/workshop/management-zone/management-zone.json
2022-02-20 22:25:57 DEBUG 			Updated existing object for dt-slides (4794605534857702606)
2022-02-20 22:25:57 DEBUG 		Applying config `dt-orders` using projects/workshop/management-zone/management-zone.json
2022-02-20 22:25:58 DEBUG 			Updated existing object for dt-orders (3519082667566046983)
2022-02-20 22:25:58 DEBUG 		Applying config `jenkins` using projects/workshop/management-zone/management-zone.json
2022-02-20 22:25:58 DEBUG 			Updated existing object for jenkins (3832561113820269168)
2022-02-20 22:25:58 DEBUG 		Applying config `dtslides team` using projects/workshop/alerting-profile/profile.json
2022-02-20 22:25:59 DEBUG 			Updated existing object for dtslides team (0a25702a-9932-3abf-9171-db03a3f72437)
2022-02-20 22:25:59 DEBUG 		Applying config `dtorders team` using projects/workshop/alerting-profile/profile.json
2022-02-20 22:26:00 DEBUG 			Updated existing object for dtorders team (cb7884b8-7a18-3b61-932e-7700cd37de70)
2022-02-20 22:26:00 DEBUG 		Applying config `jenkins team` using projects/workshop/alerting-profile/profile.json
2022-02-20 22:26:01 DEBUG 			Updated existing object for jenkins team (1aa2c60d-e364-3eac-b656-c4bfd8ddeeef)
2022-02-20 22:26:01 DEBUG 		Applying config `dt-orders` using projects/workshop/application-web/application.json
2022-02-20 22:26:01 DEBUG 			Updated existing object for dt-orders (APPLICATION-588D8F445A9485A5)
2022-02-20 22:26:01 DEBUG 		Applying config `dt-slides` using projects/workshop/application-web/application.json
2022-02-20 22:26:02 DEBUG 			Updated existing object for dt-slides (APPLICATION-68BC71CA9B8E79F7)
2022-02-20 22:26:02 DEBUG 		Applying config `dt-jenkins` using projects/workshop/application-web/application.json
2022-02-20 22:26:02 DEBUG 			Updated existing object for dt-jenkins (APPLICATION-2E81B36F67612080)
2022-02-20 22:26:02 DEBUG 		Applying config `dtslides team` using projects/workshop/notification/notification.json
2022-02-20 22:26:03 DEBUG 			Updated existing object for dtslides team (d99bb1fb-31e8-3228-9a75-147adc568c1a)
2022-02-20 22:26:03 DEBUG 		Applying config `dtorders notification` using projects/workshop/notification/notification.json
2022-02-20 22:26:03 DEBUG 			Updated existing object for dtorders notification (e238cee8-2c04-3cad-8127-756c461d6941)
2022-02-20 22:26:03 DEBUG 		Applying config `jenkins notification` using projects/workshop/notification/notification.json
2022-02-20 22:26:04 DEBUG 			Updated existing object for jenkins notification (101fc525-4707-3b45-a8aa-c87929127905)
2022-02-20 22:26:04 DEBUG 		Applying config `Jenkins Dashboard Overview` using projects/workshop/dashboard/dashboard.json
2022-02-20 22:26:04 DEBUG 			Updated existing object for Jenkins Dashboard Overview (7f72694a-7468-47ec-8ac4-12bb4853bf6d)
2022-02-20 22:26:04 DEBUG 		Applying config `Prod Dashboard Overview` using projects/workshop/dashboard/dashboard.json
2022-02-20 22:26:05 DEBUG 			Updated existing object for Prod Dashboard Overview (4f05fedc-efb5-42f4-954f-6e093e954a4f)
2022-02-20 22:26:05 DEBUG 		Applying config `dtSlides Dashboard Overview` using projects/workshop/dashboard/dashboard.json
2022-02-20 22:26:06 DEBUG 			Updated existing object for dtSlides Dashboard Overview (1325e3dd-5316-4233-b018-a279ad627613)
2022-02-20 22:26:06 DEBUG 		Applying config `environment` using projects/workshop/auto-tag/environment.json
2022-02-20 22:26:06 DEBUG 			Updated existing object for environment (68690de6-64b5-48d6-9ed6-38ee36dff4b0)
2022-02-20 22:26:06 DEBUG 		Applying config `app` using projects/workshop/auto-tag/app.json
2022-02-20 22:26:07 DEBUG 			Updated existing object for app (fcf5fb92-1101-468d-ad19-b82c2f9ad08c)
2022-02-20 22:26:07 DEBUG 		Applying config `dt-orders` using projects/workshop/app-detection-rule/rules.json
2022-02-20 22:26:08 DEBUG 			Updated existing object for dt-orders (2a3b18b4-3c98-4cec-8350-592cebc409ce)
2022-02-20 22:26:08 DEBUG 		Applying config `dt-slides` using projects/workshop/app-detection-rule/rules.json
2022-02-20 22:26:08 DEBUG 			Updated existing object for dt-slides (40e6af04-33f4-4eaf-b83d-2af0f3409e5d)
2022-02-20 22:26:08 DEBUG 		Applying config `dt-jenkins` using projects/workshop/app-detection-rule/rules.json
