2022-02-17 14:41:19 DEBUG request log not activated
2022-02-17 14:41:19 DEBUG response log not activated
2022-02-17 14:41:19 INFO  Dynatrace Monitoring as Code v1.7.0
2022-02-17 14:41:19 DEBUG Reading projects...
2022-02-17 14:41:19 DEBUG   project - projects/workshop
2022-02-17 14:41:19 DEBUG Processing file: projects/workshop/alerting-profile/alerting-profile.yaml
2022-02-17 14:41:19 DEBUG Processing file: projects/workshop/app-detection-rule/app-detection-rule.yaml
2022-02-17 14:41:19 DEBUG Processing file: projects/workshop/application/application.yaml
2022-02-17 14:41:19 WARN  You are using the configuration 'application', which will be deprecated in v2.0.0. Replace with type 'application-web'.
2022-02-17 14:41:19 DEBUG Processing file: projects/workshop/auto-tag/auto-tag.yaml
2022-02-17 14:41:19 DEBUG Processing file: projects/workshop/dashboard/dashboard.yaml
2022-02-17 14:41:19 DEBUG Processing file: projects/workshop/management-zone/management-zone.yaml
2022-02-17 14:41:19 DEBUG Processing file: projects/workshop/notification/notification.yaml
2022-02-17 14:41:19 DEBUG 		projects/workshop/app-detection-rule/dt-orders has dep on projects/workshop/application/dt-orders
2022-02-17 14:41:19 DEBUG 		projects/workshop/alerting-profile/dtorderteam has dep on projects/workshop/management-zone/dt-orders
2022-02-17 14:41:19 DEBUG 		projects/workshop/application/dt-orders
2022-02-17 14:41:19 DEBUG 		projects/workshop/management-zone/dt-orders
2022-02-17 14:41:19 DEBUG 		projects/workshop/notification/prodnotification
2022-02-17 14:41:19 DEBUG 		projects/workshop/dashboard/dtOrdersDashboardOverview
2022-02-17 14:41:19 DEBUG 		projects/workshop/auto-tag/environment
2022-02-17 14:41:19 DEBUG 		projects/workshop/auto-tag/app
2022-02-17 14:41:19 DEBUG 		projects/workshop/app-detection-rule/dt-orders
2022-02-17 14:41:19 DEBUG 		projects/workshop/alerting-profile/dtorderteam
2022-02-17 14:41:19 DEBUG Sorting projects...
2022-02-17 14:41:19 INFO  Executing projects in this order: 
2022-02-17 14:41:19 INFO  	1: projects/workshop (8 configs)
2022-02-17 14:41:19 INFO  Processing environment workshop...
2022-02-17 14:41:19 INFO  	Processing project projects/workshop...
2022-02-17 14:41:19 DEBUG 		Deploying configs in this order: 
2022-02-17 14:41:19 DEBUG 			1: projects/workshop/application/application.json
2022-02-17 14:41:19 DEBUG 			2: projects/workshop/management-zone/management-zone.json
2022-02-17 14:41:19 DEBUG 			3: projects/workshop/notification/notification.json
2022-02-17 14:41:19 DEBUG 			4: projects/workshop/dashboard/dashboard.json
2022-02-17 14:41:19 DEBUG 			5: projects/workshop/auto-tag/environment.json
2022-02-17 14:41:19 DEBUG 			6: projects/workshop/auto-tag/app.json
2022-02-17 14:41:19 DEBUG 			7: projects/workshop/app-detection-rule/rules.json
2022-02-17 14:41:19 DEBUG 			8: projects/workshop/alerting-profile/profiles.json
2022-02-17 14:41:19 DEBUG 		Validating config projects/workshop/application/application.json
2022-02-17 14:41:19 DEBUG 		Validating config projects/workshop/management-zone/management-zone.json
