2022-02-17 14:48:56 DEBUG request log not activated
2022-02-17 14:48:56 DEBUG response log not activated
2022-02-17 14:48:56 INFO  Dynatrace Monitoring as Code v1.7.0
2022-02-17 14:48:56 DEBUG Reading projects...
2022-02-17 14:48:56 DEBUG   project - projects/workshop
2022-02-17 14:48:56 DEBUG Processing file: projects/workshop/alerting-profile/alerting-profile.yaml
2022-02-17 14:48:56 DEBUG Processing file: projects/workshop/app-detection-rule/app-detection-rule.yaml
2022-02-17 14:48:56 DEBUG Processing file: projects/workshop/application/application.yaml
2022-02-17 14:48:56 WARN  You are using the configuration 'application', which will be deprecated in v2.0.0. Replace with type 'application-web'.
2022-02-17 14:48:56 DEBUG Processing file: projects/workshop/auto-tag/auto-tag.yaml
2022-02-17 14:48:56 DEBUG Processing file: projects/workshop/dashboard/dashboard.yaml
2022-02-17 14:48:56 DEBUG Processing file: projects/workshop/management-zone/management-zone.yaml
2022-02-17 14:48:56 DEBUG Processing file: projects/workshop/notification/notification.yaml
2022-02-17 14:48:56 DEBUG 		projects/workshop/notification/dtOrdersNotification has dep on projects/workshop/alerting-profile/dtOrdersTeam
2022-02-17 14:48:56 DEBUG 		projects/workshop/app-detection-rule/dt-orders has dep on projects/workshop/application/dt-orders
2022-02-17 14:48:56 DEBUG 		projects/workshop/alerting-profile/dtOrdersTeam has dep on projects/workshop/management-zone/dt-orders
2022-02-17 14:48:56 DEBUG 		projects/workshop/dashboard/dtOrdersDashboardOverview has dep on projects/workshop/management-zone/dt-orders
2022-02-17 14:48:56 DEBUG 		projects/workshop/management-zone/dt-orders
2022-02-17 14:48:56 DEBUG 		projects/workshop/alerting-profile/dtOrdersTeam
2022-02-17 14:48:56 DEBUG 		projects/workshop/application/dt-orders
2022-02-17 14:48:56 DEBUG 		projects/workshop/notification/dtOrdersNotification
2022-02-17 14:48:56 DEBUG 		projects/workshop/dashboard/dtOrdersDashboardOverview
2022-02-17 14:48:56 DEBUG 		projects/workshop/auto-tag/environment
2022-02-17 14:48:56 DEBUG 		projects/workshop/auto-tag/app
2022-02-17 14:48:56 DEBUG 		projects/workshop/app-detection-rule/dt-orders
2022-02-17 14:48:56 DEBUG Sorting projects...
2022-02-17 14:48:56 INFO  Executing projects in this order: 
2022-02-17 14:48:56 INFO  	1: projects/workshop (8 configs)
2022-02-17 14:48:56 INFO  Processing environment workshop...
2022-02-17 14:48:56 INFO  	Processing project projects/workshop...
2022-02-17 14:48:56 DEBUG 		Deploying configs in this order: 
2022-02-17 14:48:56 DEBUG 			1: projects/workshop/management-zone/management-zone.json
2022-02-17 14:48:56 DEBUG 			2: projects/workshop/alerting-profile/profiles.json
2022-02-17 14:48:56 DEBUG 			3: projects/workshop/application/application.json
2022-02-17 14:48:56 DEBUG 			4: projects/workshop/notification/notification.json
2022-02-17 14:48:56 DEBUG 			5: projects/workshop/dashboard/dashboard.json
2022-02-17 14:48:56 DEBUG 			6: projects/workshop/auto-tag/environment.json
2022-02-17 14:48:56 DEBUG 			7: projects/workshop/auto-tag/app.json
2022-02-17 14:48:56 DEBUG 			8: projects/workshop/app-detection-rule/rules.json
2022-02-17 14:48:56 DEBUG 		Applying config `dt-orders` using projects/workshop/management-zone/management-zone.json
2022-02-17 14:48:58 DEBUG 			Updated existing object for dt-orders (3519082667566046983)
2022-02-17 14:48:58 DEBUG 		Applying config `dt-order team` using projects/workshop/alerting-profile/profiles.json
2022-02-17 14:48:58 DEBUG 			Created new object for dt-order team (0a26db40-a1c0-3093-80ec-f7eb70a3faa0)
2022-02-17 14:48:58 DEBUG 		Applying config `dt-orders` using projects/workshop/application/application.json
2022-02-17 14:48:59 DEBUG 			Updated existing object for dt-orders (APPLICATION-588D8F445A9485A5)
2022-02-17 14:48:59 DEBUG 		Applying config `prod notification` using projects/workshop/notification/notification.json
2022-02-17 14:49:00 DEBUG 			Created new object for prod notification (019e007e-d566-35ba-b49d-e6af9562a723)
2022-02-17 14:49:00 DEBUG 		Applying config `dtOrders Dashboard Overview` using projects/workshop/dashboard/dashboard.json
2022-02-17 14:49:01 DEBUG 			Created new object for dtOrders Dashboard Overview (a59d67f7-34d8-471a-9b7f-320af16d0d9f)
2022-02-17 14:49:01 DEBUG 		Applying config `environment` using projects/workshop/auto-tag/environment.json
2022-02-17 14:49:02 DEBUG 			Updated existing object for environment (68690de6-64b5-48d6-9ed6-38ee36dff4b0)
2022-02-17 14:49:02 DEBUG 		Applying config `app` using projects/workshop/auto-tag/app.json
2022-02-17 14:49:03 DEBUG 			Updated existing object for app (fcf5fb92-1101-468d-ad19-b82c2f9ad08c)
2022-02-17 14:49:03 DEBUG 		Applying config `dt-orders` using projects/workshop/app-detection-rule/rules.json
2022-02-17 14:49:03 DEBUG 			Created new object for dt-orders (2a3b18b4-3c98-4cec-8350-592cebc409ce)
2022-02-17 14:49:03 INFO  Deployment summary:
