2022-02-18 12:11:53 DEBUG request log not activated
2022-02-18 12:11:53 DEBUG response log not activated
2022-02-18 12:11:53 INFO  Dynatrace Monitoring as Code v1.7.0
2022-02-18 12:11:53 DEBUG Reading projects...
2022-02-18 12:11:53 DEBUG   project - projects/workshop
2022-02-18 12:11:53 DEBUG Processing file: projects/workshop/alerting-profile/alerting-profile.yaml
2022-02-18 12:11:53 DEBUG Processing file: projects/workshop/app-detection-rule/app-detection-rule.yaml
2022-02-18 12:11:53 DEBUG Processing file: projects/workshop/application-web/application.yaml
2022-02-18 12:11:53 DEBUG Processing file: projects/workshop/auto-tag/auto-tag.yaml
2022-02-18 12:11:53 DEBUG Processing file: projects/workshop/dashboard/dashboard.yaml
2022-02-18 12:11:53 DEBUG Processing file: projects/workshop/management-zone/management-zone.yaml
2022-02-18 12:11:53 DEBUG Processing file: projects/workshop/notification/notification.yaml
2022-02-18 12:11:53 DEBUG 		projects/workshop/notification/jenkinsnotification has dep on projects/workshop/alerting-profile/jenkinsteam
2022-02-18 12:11:53 DEBUG 		projects/workshop/notification/dtordersnotification has dep on projects/workshop/alerting-profile/dtordersteam
2022-02-18 12:11:53 DEBUG 		projects/workshop/notification/dtslides has dep on projects/workshop/alerting-profile/dtslidesteam
2022-02-18 12:11:53 DEBUG 		projects/workshop/alerting-profile/dtslidesteam has dep on projects/workshop/management-zone/dt-slides
2022-02-18 12:11:53 DEBUG 		projects/workshop/dashboard/dtSlidesOverview has dep on projects/workshop/management-zone/dt-slides
2022-02-18 12:11:53 DEBUG 		projects/workshop/alerting-profile/dtordersteam has dep on projects/workshop/management-zone/dt-orders
2022-02-18 12:11:53 DEBUG 		projects/workshop/dashboard/dtOrdersOverview has dep on projects/workshop/management-zone/dt-orders
2022-02-18 12:11:53 DEBUG 		projects/workshop/alerting-profile/jenkinsteam has dep on projects/workshop/management-zone/dt-jenkins
2022-02-18 12:11:53 DEBUG 		projects/workshop/dashboard/jenkinsOverview has dep on projects/workshop/management-zone/dt-jenkins
2022-02-18 12:11:53 DEBUG 		projects/workshop/management-zone/dt-slides
2022-02-18 12:11:53 DEBUG 		projects/workshop/management-zone/dt-orders
2022-02-18 12:11:53 DEBUG 		projects/workshop/management-zone/dt-jenkins
2022-02-18 12:11:53 DEBUG 		projects/workshop/alerting-profile/dtslidesteam
2022-02-18 12:11:53 DEBUG 		projects/workshop/alerting-profile/dtordersteam
2022-02-18 12:11:53 DEBUG 		projects/workshop/alerting-profile/jenkinsteam
2022-02-18 12:11:53 DEBUG 		projects/workshop/notification/dtslides
2022-02-18 12:11:53 DEBUG 		projects/workshop/notification/dtordersnotification
2022-02-18 12:11:53 DEBUG 		projects/workshop/notification/jenkinsnotification
2022-02-18 12:11:53 DEBUG 		projects/workshop/dashboard/dtOrdersOverview
2022-02-18 12:11:53 DEBUG 		projects/workshop/dashboard/dtSlidesOverview
2022-02-18 12:11:53 DEBUG 		projects/workshop/dashboard/jenkinsOverview
2022-02-18 12:11:53 DEBUG 		projects/workshop/auto-tag/environment
2022-02-18 12:11:53 DEBUG 		projects/workshop/auto-tag/app
2022-02-18 12:11:53 DEBUG 		projects/workshop/application-web/dt-slides
2022-02-18 12:11:53 DEBUG 		projects/workshop/application-web/dt-jenkins
2022-02-18 12:11:53 DEBUG 		projects/workshop/application-web/dt-orders
2022-02-18 12:11:53 DEBUG 		projects/workshop/app-detection-rule/dt-slides
2022-02-18 12:11:53 DEBUG 		projects/workshop/app-detection-rule/dt-jenkins
2022-02-18 12:11:53 DEBUG 		projects/workshop/app-detection-rule/dt-orders
2022-02-18 12:11:53 DEBUG Sorting projects...
2022-02-18 12:11:53 INFO  Executing projects in this order: 
2022-02-18 12:11:53 INFO  	1: projects/workshop (20 configs)
2022-02-18 12:11:53 INFO  Processing environment workshop...
2022-02-18 12:11:53 INFO  	Processing project projects/workshop...
2022-02-18 12:11:53 DEBUG 		Deploying configs in this order: 
2022-02-18 12:11:53 DEBUG 			1: projects/workshop/management-zone/management-zone.json
2022-02-18 12:11:53 DEBUG 			2: projects/workshop/management-zone/management-zone.json
2022-02-18 12:11:53 DEBUG 			3: projects/workshop/management-zone/management-zone.json
2022-02-18 12:11:53 DEBUG 			4: projects/workshop/alerting-profile/profiles.json
2022-02-18 12:11:53 DEBUG 			5: projects/workshop/alerting-profile/profiles.json
2022-02-18 12:11:53 DEBUG 			6: projects/workshop/alerting-profile/profiles.json
2022-02-18 12:11:53 DEBUG 			7: projects/workshop/notification/notification.json
2022-02-18 12:11:53 DEBUG 			8: projects/workshop/notification/notification.json
2022-02-18 12:11:53 DEBUG 			9: projects/workshop/notification/notification.json
2022-02-18 12:11:53 DEBUG 			10: projects/workshop/dashboard/dashboard.json
2022-02-18 12:11:53 DEBUG 			11: projects/workshop/dashboard/dashboard.json
2022-02-18 12:11:53 DEBUG 			12: projects/workshop/dashboard/dashboard.json
2022-02-18 12:11:53 DEBUG 			13: projects/workshop/auto-tag/environment.json
2022-02-18 12:11:53 DEBUG 			14: projects/workshop/auto-tag/app.json
2022-02-18 12:11:53 DEBUG 			15: projects/workshop/application-web/application.json
2022-02-18 12:11:53 DEBUG 			16: projects/workshop/application-web/application.json
2022-02-18 12:11:53 DEBUG 			17: projects/workshop/application-web/application.json
2022-02-18 12:11:53 DEBUG 			18: projects/workshop/app-detection-rule/rules.json
2022-02-18 12:11:53 DEBUG 			19: projects/workshop/app-detection-rule/rules.json
2022-02-18 12:11:53 DEBUG 			20: projects/workshop/app-detection-rule/rules.json
2022-02-18 12:11:53 DEBUG 		Applying config `dt-slides` using projects/workshop/management-zone/management-zone.json
2022-02-18 12:11:55 DEBUG 			Updated existing object for dt-slides (4794605534857702606)
2022-02-18 12:11:55 DEBUG 		Applying config `dt-orders` using projects/workshop/management-zone/management-zone.json
2022-02-18 12:11:55 DEBUG 			Updated existing object for dt-orders (3519082667566046983)
2022-02-18 12:11:55 DEBUG 		Applying config `jenkins` using projects/workshop/management-zone/management-zone.json
2022-02-18 12:11:56 DEBUG 			Updated existing object for jenkins (3832561113820269168)
2022-02-18 12:11:56 DEBUG 		Applying config `dtslides team` using projects/workshop/alerting-profile/profiles.json
2022-02-18 12:11:56 DEBUG 			Updated existing object for dtslides team (0a25702a-9932-3abf-9171-db03a3f72437)
2022-02-18 12:11:56 DEBUG 		Applying config `dtorders team` using projects/workshop/alerting-profile/profiles.json
2022-02-18 12:11:57 DEBUG 			Updated existing object for dtorders team (cb7884b8-7a18-3b61-932e-7700cd37de70)
2022-02-18 12:11:57 DEBUG 		Applying config `jenkins team` using projects/workshop/alerting-profile/profiles.json
